[    0.000000] Linux version 4.15.0-173-generic (buildd@lcy02-amd64-094) (gcc version 7.5.0 (Ubuntu 7.5.0-3ubuntu1~18.04)) #182-Ubuntu SMP Fri Mar 18 15:53:46 UTC 2022 (Ubuntu 4.15.0-173.182-generic 4.15.18)
[    0.000000] Command line: BOOT_IMAGE=/boot/vmlinuz-4.15.0-173-generic root=LABEL=cloudimg-rootfs ro console=tty1 console=ttyS0
[    0.000000] KERNEL supported cpus:
[    0.000000]   Intel GenuineIntel
[    0.000000]   AMD AuthenticAMD
[    0.000000]   Centaur CentaurHauls
[    0.000000] x86/fpu: Supporting XSAVE feature 0x001: 'x87 floating point registers'
[    0.000000] x86/fpu: Supporting XSAVE feature 0x002: 'SSE registers'
[    0.000000] x86/fpu: Supporting XSAVE feature 0x004: 'AVX registers'
[    0.000000] x86/fpu: xstate_offset[2]:  576, xstate_sizes[2]:  256
[    0.000000] x86/fpu: Enabled xstate features 0x7, context size is 832 bytes, using 'standard' format.
[    0.000000] e820: BIOS-provided physical RAM map:
[    0.000000] BIOS-e820: [mem 0x0000000000000000-0x000000000009fbff] usable
[    0.000000] BIOS-e820: [mem 0x000000000009fc00-0x000000000009ffff] reserved
[    0.000000] BIOS-e820: [mem 0x00000000000f0000-0x00000000000fffff] reserved
[    0.000000] BIOS-e820: [mem 0x0000000000100000-0x000000003ffeffff] usable
[    0.000000] BIOS-e820: [mem 0x000000003fff0000-0x000000003fffffff] ACPI data
[    0.000000] BIOS-e820: [mem 0x00000000fec00000-0x00000000fec00fff] reserved
[    0.000000] BIOS-e820: [mem 0x00000000fee00000-0x00000000fee00fff] reserved
[    0.000000] BIOS-e820: [mem 0x00000000fffc0000-0x00000000ffffffff] reserved
[    0.000000] NX (Execute Disable) protection: active
[    0.000000] SMBIOS 2.5 present.
[    0.000000] DMI: innotek GmbH VirtualBox/VirtualBox, BIOS VirtualBox 12/01/2006
[    0.000000] Hypervisor detected: KVM
[    0.000000] e820: last_pfn = 0x3fff0 max_arch_pfn = 0x400000000
[    0.000000] MTRR: Disabled
[    0.000000] x86/PAT: MTRRs disabled, skipping PAT initialization too.
[    0.000000] CPU MTRRs all blank - virtualized system.
[    0.000000] x86/PAT: Configuration [0-7]: WB  WT  UC- UC  WB  WT  UC- UC  
[    0.000000] found SMP MP-table at [mem 0x0009fff0-0x0009ffff]
[    0.000000] Scanning 1 areas for low memory corruption
[    0.000000] RAMDISK: [mem 0x359cb000-0x36cdcfff]
[    0.000000] ACPI: Early table checksum verification disabled
[    0.000000] ACPI: RSDP 0x00000000000E0000 000024 (v02 VBOX  )
[    0.000000] ACPI: XSDT 0x000000003FFF0030 00003C (v01 VBOX   VBOXXSDT 00000001 ASL  00000061)
[    0.000000] ACPI: FACP 0x000000003FFF00F0 0000F4 (v04 VBOX   VBOXFACP 00000001 ASL  00000061)
[    0.000000] ACPI: DSDT 0x000000003FFF0470 002325 (v02 VBOX   VBOXBIOS 00000002 INTL 20190509)
[    0.000000] ACPI: FACS 0x000000003FFF0200 000040
[    0.000000] ACPI: FACS 0x000000003FFF0200 000040
[    0.000000] ACPI: APIC 0x000000003FFF0240 00005C (v02 VBOX   VBOXAPIC 00000001 ASL  00000061)
[    0.000000] ACPI: SSDT 0x000000003FFF02A0 0001CC (v01 VBOX   VBOXCPUT 00000002 INTL 20190509)
[    0.000000] ACPI: Reserving FACP table memory at [mem 0x3fff00f0-0x3fff01e3]
[    0.000000] ACPI: Reserving DSDT table memory at [mem 0x3fff0470-0x3fff2794]
[    0.000000] ACPI: Reserving FACS table memory at [mem 0x3fff0200-0x3fff023f]
[    0.000000] ACPI: Reserving FACS table memory at [mem 0x3fff0200-0x3fff023f]
[    0.000000] ACPI: Reserving APIC table memory at [mem 0x3fff0240-0x3fff029b]
[    0.000000] ACPI: Reserving SSDT table memory at [mem 0x3fff02a0-0x3fff046b]
[    0.000000] No NUMA configuration found
[    0.000000] Faking a node at [mem 0x0000000000000000-0x000000003ffeffff]
[    0.000000] NODE_DATA(0) allocated [mem 0x3ffc5000-0x3ffeffff]
[    0.000000] kvm-clock: cpu 0, msr 0:3ff44001, primary cpu clock
[    0.000000] kvm-clock: Using msrs 4b564d01 and 4b564d00
[    0.000000] kvm-clock: using sched offset of 3304423904 cycles
[    0.000000] clocksource: kvm-clock: mask: 0xffffffffffffffff max_cycles: 0x1cd42e4dffb, max_idle_ns: 881590591483 ns
[    0.000000] Zone ranges:
[    0.000000]   DMA      [mem 0x0000000000001000-0x0000000000ffffff]
[    0.000000]   DMA32    [mem 0x0000000001000000-0x000000003ffeffff]
[    0.000000]   Normal   empty
[    0.000000]   Device   empty
[    0.000000] Movable zone start for each node
[    0.000000] Early memory node ranges
[    0.000000]   node   0: [mem 0x0000000000001000-0x000000000009efff]
[    0.000000]   node   0: [mem 0x0000000000100000-0x000000003ffeffff]
[    0.000000] Reserved but unavailable: 104 pages
[    0.000000] Initmem setup node 0 [mem 0x0000000000001000-0x000000003ffeffff]
[    0.000000] ACPI: PM-Timer IO Port: 0x4008
[    0.000000] IOAPIC[0]: apic_id 2, version 32, address 0xfec00000, GSI 0-23
[    0.000000] ACPI: INT_SRC_OVR (bus 0 bus_irq 0 global_irq 2 dfl dfl)
[    0.000000] ACPI: INT_SRC_OVR (bus 0 bus_irq 9 global_irq 9 low level)
[    0.000000] Using ACPI (MADT) for SMP configuration information
[    0.000000] smpboot: Allowing 2 CPUs, 0 hotplug CPUs
[    0.000000] PM: Registered nosave memory: [mem 0x00000000-0x00000fff]
[    0.000000] PM: Registered nosave memory: [mem 0x0009f000-0x0009ffff]
[    0.000000] PM: Registered nosave memory: [mem 0x000a0000-0x000effff]
[    0.000000] PM: Registered nosave memory: [mem 0x000f0000-0x000fffff]
[    0.000000] e820: [mem 0x40000000-0xfebfffff] available for PCI devices
[    0.000000] Booting paravirtualized kernel on KVM
[    0.000000] clocksource: refined-jiffies: mask: 0xffffffff max_cycles: 0xffffffff, max_idle_ns: 7645519600211568 ns
[    0.000000] random: get_random_bytes called from start_kernel+0x99/0x500 with crng_init=0
[    0.000000] setup_percpu: NR_CPUS:8192 nr_cpumask_bits:2 nr_cpu_ids:2 nr_node_ids:1
[    0.000000] percpu: Embedded 50 pages/cpu s167936 r8192 d28672 u1048576
[    0.000000] PV qspinlock hash table entries: 256 (order: 0, 4096 bytes)
[    0.000000] Built 1 zonelists, mobility grouping on.  Total pages: 257913
[    0.000000] Policy zone: DMA32
[    0.000000] Kernel command line: BOOT_IMAGE=/boot/vmlinuz-4.15.0-173-generic root=LABEL=cloudimg-rootfs ro console=tty1 console=ttyS0
[    0.000000] Memory: 982648K/1048120K available (12300K kernel code, 2484K rwdata, 4324K rodata, 2468K init, 2724K bss, 65472K reserved, 0K cma-reserved)
[    0.000000] SLUB: HWalign=64, Order=0-3, MinObjects=0, CPUs=2, Nodes=1
[    0.000000] Kernel/User page tables isolation: enabled
[    0.000000] ftrace: allocating 39503 entries in 155 pages
[    0.004000] Hierarchical RCU implementation.
[    0.004000] 	RCU restricting CPUs from NR_CPUS=8192 to nr_cpu_ids=2.
[    0.004000] 	Tasks RCU enabled.
[    0.004000] RCU: Adjusting geometry for rcu_fanout_leaf=16, nr_cpu_ids=2
[    0.004000] NR_IRQS: 524544, nr_irqs: 440, preallocated irqs: 16
[    0.004000] Console: colour VGA+ 80x25
[    0.004000] console [tty1] enabled
[    0.004000] console [ttyS0] enabled
[    0.004000] ACPI: Core revision 20170831
[    0.004000] ACPI: 2 ACPI AML tables successfully acquired and loaded
[    0.004000] APIC: Switch to symmetric I/O mode setup
[    0.004000] x2apic enabled
[    0.004000] Switched APIC routing to physical x2apic.
[    0.004000] ..TIMER: vector=0x30 apic1=0 pin1=2 apic2=-1 pin2=-1
[    0.004000] tsc: Detected 2112.010 MHz processor
[    0.004008] Calibrating delay loop (skipped) preset value.. 4224.02 BogoMIPS (lpj=8448040)
[    0.005019] pid_max: default: 32768 minimum: 301
[    0.005603] Security Framework initialized
[    0.006178] Yama: becoming mindful.
[    0.006631] AppArmor: AppArmor initialized
[    0.007355] Dentry cache hash table entries: 131072 (order: 8, 1048576 bytes)
[    0.008064] Inode-cache hash table entries: 65536 (order: 7, 524288 bytes)
[    0.008876] Mount-cache hash table entries: 2048 (order: 2, 16384 bytes)
[    0.009767] Mountpoint-cache hash table entries: 2048 (order: 2, 16384 bytes)
[    0.010828] Last level iTLB entries: 4KB 64, 2MB 8, 4MB 8
[    0.011470] Last level dTLB entries: 4KB 64, 2MB 0, 4MB 0, 1GB 4
[    0.012004] Spectre V1 : Mitigation: usercopy/swapgs barriers and __user pointer sanitization
[    0.013022] Spectre V2 : Mitigation: Retpolines
[    0.013587] Spectre V2 : Spectre v2 / SpectreRSB mitigation: Filling RSB on context switch
[    0.014580] Speculative Store Bypass: Vulnerable
[    0.015204] SRBDS: Unknown: Dependent on hypervisor status
[    0.016001] MDS: Mitigation: Clear CPU buffers
[    0.016688] Freeing SMP alternatives memory: 36K
[    0.127525] smpboot: CPU0: Intel(R) Core(TM) i7-8665U CPU @ 1.90GHz (family: 0x6, model: 0x8e, stepping: 0xc)
[    0.128000] Performance Events: unsupported p6 CPU model 142 no PMU driver, software events only.
[    0.128000] Hierarchical SRCU implementation.
[    0.128000] NMI watchdog: Perf event create on CPU 0 failed with -2
[    0.128001] NMI watchdog: Perf NMI watchdog permanently disabled
[    0.128816] smp: Bringing up secondary CPUs ...
[    0.129433] x86: Booting SMP configuration:
[    0.130078] .... node  #0, CPUs:      #1
[    0.004000] kvm-clock: cpu 1, msr 0:3ff44041, secondary cpu clock
[    0.132014] smp: Brought up 1 node, 2 CPUs
[    0.132521] smpboot: Max logical packages: 1
[    0.133051] smpboot: Total of 2 processors activated (8448.04 BogoMIPS)
[    0.133964] devtmpfs: initialized
[    0.136040] x86/mm: Memory block size: 128MB
[    0.136662] evm: security.selinux
[    0.137173] evm: security.SMACK64
[    0.137689] evm: security.SMACK64EXEC
[    0.138149] evm: security.SMACK64TRANSMUTE
[    0.138700] evm: security.SMACK64MMAP
[    0.139165] evm: security.apparmor
[    0.140002] evm: security.ima
[    0.140395] evm: security.capability
[    0.140870] clocksource: jiffies: mask: 0xffffffff max_cycles: 0xffffffff, max_idle_ns: 7645041785100000 ns
[    0.141159] futex hash table entries: 512 (order: 3, 32768 bytes)
[    0.141904] pinctrl core: initialized pinctrl subsystem
[    0.144077] RTC time: 13:14:40, date: 04/08/22
[    0.144806] NET: Registered protocol family 16
[    0.145406] audit: initializing netlink subsys (disabled)
[    0.146087] audit: type=2000 audit(1649423685.198:1): state=initialized audit_enabled=0 res=1
[    0.146087] cpuidle: using governor ladder
[    0.146087] cpuidle: using governor menu
[    0.148029] ACPI: bus type PCI registered
[    0.148534] acpiphp: ACPI Hot Plug PCI Controller Driver version: 0.5
[    0.149355] PCI: Using configuration type 1 for base access
[    0.150054] HugeTLB registered 2.00 MiB page size, pre-allocated 0 pages
[    0.152042] ACPI: Added _OSI(Module Device)
[    0.152578] ACPI: Added _OSI(Processor Device)
[    0.153153] ACPI: Added _OSI(3.0 _SCP Extensions)
[    0.153734] ACPI: Added _OSI(Processor Aggregator Device)
[    0.154417] ACPI: Added _OSI(Linux-Dell-Video)
[    0.154977] ACPI: Added _OSI(Linux-Lenovo-NV-HDMI-Audio)
[    0.155620] ACPI: Added _OSI(Linux-HPI-Hybrid-Graphics)
[    0.156191] ACPI: Executed 1 blocks of module-level executable AML code
[    0.159396] ACPI: Interpreter enabled
[    0.160000] ACPI: (supports S0 S5)
[    0.160007] ACPI: Using IOAPIC for interrupt routing
[    0.160848] PCI: Using host bridge windows from ACPI; if necessary, use "pci=nocrs" and report a bug
[    0.164142] ACPI: Enabled 2 GPEs in block 00 to 07
[    0.168786] ACPI: PCI Root Bridge [PCI0] (domain 0000 [bus 00-ff])
[    0.169590] acpi PNP0A03:00: _OSC: OS supports [ASPM ClockPM Segments MSI]
[    0.170788] acpi PNP0A03:00: _OSC: not requesting OS control; OS requires [ExtendedConfig ASPM ClockPM MSI]
[    0.171996] acpi PNP0A03:00: fail to add MMCONFIG information, can't access extended PCI configuration space under this bridge.
[    0.172280] PCI host bridge to bus 0000:00
[    0.172808] pci_bus 0000:00: root bus resource [io  0x0000-0x0cf7 window]
[    0.173608] pci_bus 0000:00: root bus resource [io  0x0d00-0xffff window]
[    0.174514] pci_bus 0000:00: root bus resource [mem 0x000a0000-0x000bffff window]
[    0.176002] pci_bus 0000:00: root bus resource [mem 0x40000000-0xfdffffff window]
[    0.176938] pci_bus 0000:00: root bus resource [bus 00-ff]
[    0.180381] pci 0000:00:01.1: legacy IDE quirk: reg 0x10: [io  0x01f0-0x01f7]
[    0.181252] pci 0000:00:01.1: legacy IDE quirk: reg 0x14: [io  0x03f6]
[    0.182064] pci 0000:00:01.1: legacy IDE quirk: reg 0x18: [io  0x0170-0x0177]
[    0.182897] pci 0000:00:01.1: legacy IDE quirk: reg 0x1c: [io  0x0376]
[    0.193375] pci 0000:00:07.0: quirk: [io  0x4000-0x403f] claimed by PIIX4 ACPI
[    0.194360] pci 0000:00:07.0: quirk: [io  0x4100-0x410f] claimed by PIIX4 SMB
[    0.201210] ACPI: PCI Interrupt Link [LNKA] (IRQs 5 9 10 *11)
[    0.202200] ACPI: PCI Interrupt Link [LNKB] (IRQs 5 9 *10 11)
[    0.202979] ACPI: PCI Interrupt Link [LNKC] (IRQs 5 *9 10 11)
[    0.203743] ACPI: PCI Interrupt Link [LNKD] (IRQs 5 9 10 *11)
[    0.204274] SCSI subsystem initialized
[    0.204788] pci 0000:00:02.0: vgaarb: setting as boot VGA device
[    0.204800] pci 0000:00:02.0: vgaarb: VGA device added: decodes=io+mem,owns=io+mem,locks=none
[    0.205871] pci 0000:00:02.0: vgaarb: bridge control possible
[    0.208010] vgaarb: loaded
[    0.208457] ACPI: bus type USB registered
[    0.208977] usbcore: registered new interface driver usbfs
[    0.209737] usbcore: registered new interface driver hub
[    0.210385] usbcore: registered new device driver usb
[    0.211033] EDAC MC: Ver: 3.0.0
[    0.211033] PCI: Using ACPI for IRQ routing
[    0.212232] NetLabel: Initializing
[    0.212687] NetLabel:  domain hash size = 128
[    0.213329] NetLabel:  protocols = UNLABELED CIPSOv4 CALIPSO
[    0.214045] NetLabel:  unlabeled traffic allowed by default
[    0.214828] clocksource: Switched to clocksource kvm-clock
[    0.220363] VFS: Disk quotas dquot_6.6.0
[    0.221242] VFS: Dquot-cache hash table entries: 512 (order 0, 4096 bytes)
[    0.222260] AppArmor: AppArmor Filesystem Enabled
[    0.222868] pnp: PnP ACPI init
[    0.224023] pnp: PnP ACPI: found 3 devices
[    0.232369] clocksource: acpi_pm: mask: 0xffffff max_cycles: 0xffffff, max_idle_ns: 2085701024 ns
[    0.233573] NET: Registered protocol family 2
[    0.234220] IP idents hash table entries: 16384 (order: 5, 131072 bytes)
[    0.236067] TCP established hash table entries: 8192 (order: 4, 65536 bytes)
[    0.237036] TCP bind hash table entries: 8192 (order: 5, 131072 bytes)
[    0.237852] TCP: Hash tables configured (established 8192 bind 8192)
[    0.238659] UDP hash table entries: 512 (order: 2, 16384 bytes)
[    0.239350] UDP-Lite hash table entries: 512 (order: 2, 16384 bytes)
[    0.240137] NET: Registered protocol family 1
[    0.240722] pci 0000:00:00.0: Limiting direct PCI/PCI transfers
[    0.241439] pci 0000:00:01.0: Activating ISA DMA hang workarounds
[    0.242200] pci 0000:00:02.0: Video device with shadowed ROM at [mem 0x000c0000-0x000dffff]
[    0.243376] Unpacking initramfs...
[    0.462733] Freeing initrd memory: 19528K
[    0.463360] clocksource: tsc: mask: 0xffffffffffffffff max_cycles: 0x1e7181df346, max_idle_ns: 440795224594 ns
[    0.464569] platform rtc_cmos: registered platform RTC device (no PNP device found)
[    0.465501] Scanning for low memory corruption every 60 seconds
[    0.466773] Initialise system trusted keyrings
[    0.467357] Key type blacklist registered
[    0.468012] workingset: timestamp_bits=36 max_order=18 bucket_order=0
[    0.469450] zbud: loaded
[    0.470170] squashfs: version 4.0 (2009/01/31) Phillip Lougher
[    0.471034] fuse init (API version 7.26)
[    0.472769] Key type asymmetric registered
[    0.473306] Asymmetric key parser 'x509' registered
[    0.473943] Block layer SCSI generic (bsg) driver version 0.4 loaded (major 246)
[    0.474942] io scheduler noop registered
[    0.475430] io scheduler deadline registered
[    0.475990] io scheduler cfq registered (default)
[    0.476790] ACPI: AC Adapter [AC] (on-line)
[    0.477360] input: Power Button as /devices/LNXSYSTM:00/LNXPWRBN:00/input/input0
[    0.478355] ACPI: Power Button [PWRF]
[    0.478853] input: Sleep Button as /devices/LNXSYSTM:00/LNXSLPBN:00/input/input1
[    0.479781] ACPI: Sleep Button [SLPF]
[    0.480950] ACPI: Battery Slot [BAT0] (battery present)
[    0.481726] Serial: 8250/16550 driver, 32 ports, IRQ sharing enabled
[    0.502999] 00:02: ttyS0 at I/O 0x3f8 (irq = 4, base_baud = 115200) is a 16550A
[    0.505612] Linux agpgart interface v0.103
[    0.507180] loop: module loaded
[    0.508072] scsi host0: ata_piix
[    0.508564] scsi host1: ata_piix
[    0.509034] ata1: PATA max UDMA/33 cmd 0x1f0 ctl 0x3f6 bmdma 0xd000 irq 14
[    0.509825] ata2: PATA max UDMA/33 cmd 0x170 ctl 0x376 bmdma 0xd008 irq 15
[    0.510720] tun: Universal TUN/TAP device driver, 1.6
[    0.511398] PPP generic driver version 2.4.2
[    0.511977] ehci_hcd: USB 2.0 'Enhanced' Host Controller (EHCI) Driver
[    0.512805] ehci-pci: EHCI PCI platform driver
[    0.513398] ehci-platform: EHCI generic platform driver
[    0.514024] ohci_hcd: USB 1.1 'Open' Host Controller (OHCI) Driver
[    0.514748] ohci-pci: OHCI PCI platform driver
[    0.515292] ohci-platform: OHCI generic platform driver
[    0.515914] uhci_hcd: USB Universal Host Controller Interface driver
[    0.516777] i8042: PNP: PS/2 Controller [PNP0303:PS2K,PNP0f03:PS2M] at 0x60,0x64 irq 1,12
[    0.518150] serio: i8042 KBD port at 0x60,0x64 irq 1
[    0.518816] serio: i8042 AUX port at 0x60,0x64 irq 12
[    0.519516] mousedev: PS/2 mouse device common for all mice
[    0.520582] input: AT Translated Set 2 keyboard as /devices/platform/i8042/serio0/input/input2
[    0.521756] rtc_cmos rtc_cmos: rtc core: registered rtc_cmos as rtc0
[    0.522561] rtc_cmos rtc_cmos: alarms up to one day, 114 bytes nvram
[    0.523301] i2c /dev entries driver
[    0.523806] device-mapper: uevent: version 1.0.3
[    0.524492] device-mapper: ioctl: 4.37.0-ioctl (2017-09-20) initialised: dm-devel@redhat.com
[    0.525578] ledtrig-cpu: registered to indicate activity on CPUs
[    0.526559] NET: Registered protocol family 10
[    0.529627] Segment Routing with IPv6
[    0.530108] NET: Registered protocol family 17
[    0.530834] Key type dns_resolver registered
[    0.531632] mce: Using 0 MCE banks
[    0.532163] RAS: Correctable Errors collector initialized.
[    0.532963] sched_clock: Marking stable (532149798, 0)->(664434779, -132284981)
[    0.534210] registered taskstats version 1
[    0.534752] Loading compiled-in X.509 certificates
[    0.536931] Loaded X.509 cert 'Build time autogenerated kernel key: 70c562671a3916277fe5fdc18b24b613b7a6fbd0'
[    0.538501] Loaded X.509 cert 'Canonical Ltd. Live Patch Signing: 14df34d1a87cf37625abec039ef2bf521249b969'
[    0.540039] Loaded X.509 cert 'Canonical Ltd. Kernel Module Signing: 88f752e560a1e0737e31163a466ad7b70a850c19'
[    0.541286] blacklist: Loading compiled-in revocation X.509 certificates
[    0.542094] Loaded X.509 cert 'Canonical Ltd. Secure Boot Signing: 61482aa2830d0ab2ad5af10b7250da9033ddcef0'
[    0.543278] zswap: loaded using pool lzo/zbud
[    0.546327] Key type big_key registered
[    0.546896] Key type trusted registered
[    0.548844] Key type encrypted registered
[    0.549353] AppArmor: AppArmor sha1 policy hashing enabled
[    0.550037] ima: No TPM chip found, activating TPM-bypass! (rc=-19)
[    0.550796] ima: Allocated hash algorithm: sha1
[    0.551407] evm: HMAC attrs: 0x1
[    0.551979]   Magic number: 2:135:230
[    0.552528] rtc_cmos rtc_cmos: setting system clock to 2022-04-08 13:14:40 UTC (1649423680)
[    0.553621] BIOS EDD facility v0.16 2004-Jun-25, 0 devices found
[    0.554335] EDD information not available.
[    0.699203] Freeing unused kernel image memory: 2468K
[    0.712075] Write protecting the kernel read-only data: 20480k
[    0.714375] Freeing unused kernel image memory: 2008K
[    0.715891] Freeing unused kernel image memory: 1820K
[    0.727344] x86/mm: Checked W+X mappings: passed, no W+X pages found.
[    0.728840] x86/mm: Checking user space page tables
[    0.739291] x86/mm: Checked W+X mappings: passed, no W+X pages found.
Loading, please wait...
starting version 237
[    0.795445] e1000: Intel(R) PRO/1000 Network Driver - version 7.3.21-k8-NAPI
[    0.796384] e1000: Copyright (c) 1999-2006 Intel Corporation.
[    0.800260] Fusion MPT base driver 3.04.20
[    0.800931] Copyright (c) 1999-2008 LSI Corporation
[    0.803975] Fusion MPT SPI Host driver 3.04.20
[    0.814249] AVX2 version of gcm_enc/dec engaged.
[    0.814877] AES CTR mode by8 optimization enabled
[    1.009841] input: ImExPS/2 Generic Explorer Mouse as /devices/platform/i8042/serio1/input/input4
[    1.463835] e1000 0000:00:03.0 eth0: (PCI:33MHz:32-bit) 02:27:94:89:a7:22
[    1.465272] e1000 0000:00:03.0 eth0: Intel(R) PRO/1000 Network Connection
[    1.467578] mptbase: ioc0: Initiating bringup
[    1.912415] ioc0: LSI53C1030 A0: Capabilities={Initiator}
[    5.050056] scsi host2: ioc0: LSI53C1030 A0, FwRev=00000000h, Ports=1, MaxQ=256, IRQ=20
[    6.497706] scsi 2:0:0:0: Direct-Access     VBOX     HARDDISK         1.0  PQ: 0 ANSI: 5
[    6.528124] scsi target2:0:0: Beginning Domain Validation
[    6.530915] scsi target2:0:0: Domain Validation skipping write tests
[    6.532086] scsi target2:0:0: Ending Domain Validation
[    6.533300] scsi target2:0:0: asynchronous
[    6.534662] scsi 2:0:1:0: Direct-Access     VBOX     HARDDISK         1.0  PQ: 0 ANSI: 5
[    6.812069] scsi target2:0:1: Beginning Domain Validation
[    6.813957] random: fast init done
[    6.813959] scsi target2:0:1: Domain Validation skipping write tests
[    6.815164] scsi target2:0:1: Ending Domain Validation
[    6.815826] scsi target2:0:1: asynchronous
[    6.818826] random: systemd-udevd: uninitialized urandom read (16 bytes read)
[    6.819694] random: systemd-udevd: uninitialized urandom read (16 bytes read)
[    6.820569] random: systemd-udevd: uninitialized urandom read (16 bytes read)
[    6.821980] sd 2:0:0:0: Attached scsi generic sg0 type 0
[    6.822860] sd 2:0:0:0: [sda] 83886080 512-byte logical blocks: (42.9 GB/40.0 GiB)
[    6.823902] sd 2:0:0:0: [sda] Write Protect is off
[    6.824679] sd 2:0:0:0: [sda] Incomplete mode parameter data
[    6.825364] sd 2:0:0:0: [sda] Assuming drive cache: write through
[    6.826250] sd 2:0:1:0: [sdb] 20480 512-byte logical blocks: (10.5 MB/10.0 MiB)
[    6.827234] sd 2:0:1:0: [sdb] Write Protect is off
[    6.828096] sd 2:0:1:0: [sdb] Incomplete mode parameter data
[    6.828789] sd 2:0:1:0: [sdb] Assuming drive cache: write through
[    6.829569] sd 2:0:1:0: Attached scsi generic sg1 type 0
[    6.831353]  sda: sda1
[    6.832225] sd 2:0:0:0: [sda] Attached SCSI disk
[    6.833209] sd 2:0:1:0: [sdb] Attached SCSI disk
[    6.855679] e1000 0000:00:08.0 eth1: (PCI:33MHz:32-bit) 08:00:27:1d:41:c2
[    6.856661] e1000 0000:00:08.0 eth1: Intel(R) PRO/1000 Network Connection
[    6.858225] e1000 0000:00:03.0 enp0s3: renamed from eth0
[    6.901066] e1000 0000:00:08.0 enp0s8: renamed from eth1
Begin: Loading essential drivers ... [    8.272058] raid6: sse2x1   gen() 13972 MB/s
[    8.320077] raid6: sse2x1   xor()  8362 MB/s
[    8.368056] raid6: sse2x2   gen() 17631 MB/s
[    8.416055] raid6: sse2x2   xor() 11253 MB/s
[    8.464067] raid6: sse2x4   gen() 18340 MB/s
[    8.512094] raid6: sse2x4   xor() 10468 MB/s
[    8.560047] raid6: avx2x1   gen() 24003 MB/s
[    8.608055] raid6: avx2x1   xor() 15969 MB/s
[    8.656066] raid6: avx2x2   gen() 27305 MB/s
[    8.704148] raid6: avx2x2   xor() 20878 MB/s
[    8.752060] raid6: avx2x4   gen() 34626 MB/s
[    8.800034] raid6: avx2x4   xor() 16620 MB/s
[    8.800713] raid6: using algorithm avx2x4 gen() 34626 MB/s
[    8.801482] raid6: .... xor() 16620 MB/s, rmw enabled
[    8.802179] raid6: using avx2x2 recovery algorithm
[    8.803782] xor: automatically using best checksumming function   avx       
[    8.805599] async_tx: api initialized (async)
done.
Begin: Running /scripts/init-premount ... done.
Begin: Mounting root file system ... Begin: Running /scripts/local-top ... done.
Begin: Running /scripts/local-premount ... [    8.841340] Btrfs loaded, crc32c=crc32c-intel
Scanning for Btrfs filesystems
done.
Warning: fsck not present, so skipping root file system
[    8.862770] EXT4-fs (sda1): mounted filesystem with ordered data mode. Opts: (null)
done.
Begin: Running /scripts/local-bottom ... done.
Begin: Running /scripts/init-bottom ... done.
[    8.996944] ip_tables: (C) 2000-2006 Netfilter Core Team
[    9.003143] systemd[1]: systemd 237 running in system mode. (+PAM +AUDIT +SELINUX +IMA +APPARMOR +SMACK +SYSVINIT +UTMP +LIBCRYPTSETUP +GCRYPT +GNUTLS +ACL +XZ +LZ4 +SECCOMP +BLKID +ELFUTILS +KMOD -IDN2 +IDN -PCRE2 default-hierarchy=hybrid)
[    9.007140] systemd[1]: Detected virtualization oracle.
[    9.007835] systemd[1]: Detected architecture x86-64.

Welcome to [1mUbuntu 18.04.6 LTS[0m!

[    9.012410] systemd[1]: Set hostname to <ubuntu>.
[    9.014059] systemd[1]: Initializing machine ID from random generator.
[    9.015022] systemd[1]: Installed transient /etc/machine-id file.
[    9.292304] systemd[1]: Set up automount Arbitrary Executable File Formats File System Automount Point.
[[0;32m  OK  [0m] Set up automount Arbitrary Executab…rmats File System Automount Point.
[    9.295884] systemd[1]: Reached target User and Group Name Lookups.
[[0;32m  OK  [0m] Reached target User and Group Name Lookups.
[    9.297522] systemd[1]: Reached target Swap.
[[0;32m  OK  [0m] Reached target Swap.
[    9.299809] systemd[1]: Created slice System Slice.
[[0;32m  OK  [0m] Created slice System Slice.
[[0;32m  OK  [0m] Listening on Syslog Socket.
[[0;32m  OK  [0m] Listening on LVM2 poll daemon socket.
[[0;32m  OK  [0m] Listening on fsck to fsckd communication Socket.
[[0;32m  OK  [0m] Listening on udev Control Socket.
[[0;32m  OK  [0m] Listening on Journal Audit Socket.
[[0;32m  OK  [0m] Listening on /dev/initctl Compatibility Named Pipe.
[[0;32m  OK  [0m] Listening on Network Service Netlink Socket.
[[0;32m  OK  [0m] Listening on Journal Socket.
         Mounting POSIX Message Queue File System...
         Starting Set the console keyboard layout...
         Mounting Kernel Debug File System...
         Starting Uncomplicated firewall...
[[0;32m  OK  [0m] Created slice system-serial\x2dgetty.slice.
         Starting File System Check on Root Device...
[[0;32m  OK  [0m] Listening on LVM2 metadata daemon socket.
[[0;32m  OK  [0m] Listening on Device-mapper event daemon FIFOs.
[[0;32m  OK  [0m] Listening on udev Kernel Socket.
         Starting udev Coldplug all Devices...
         Mounting Huge Pages File System...
         Starting Create list of required st…ce nodes for the current kernel...
[[0;32m  OK  [0m] Started Forward Password Requests to Wall Directory Watch.
[[0;32m  OK  [0m] Listening on Journal Socket (/dev/log).
         Starting Journal Service...
         Starting Load Kernel Modules...
[[0;32m  OK  [0m] Created slice User and Session Slice.
[[0;32m  OK  [0m] Reached target Slices.
         Starting Monitoring of LVM2 mirrors…ng dmeventd or progress polling...
[[0;32m  OK  [0m] Reached target System Time Synchronized.
[[0;32m  OK  [0m] Mounted POSIX Message Queue File System.
[[0;32m  OK  [0m] Mounted Kernel Debug File System.
[[0;32m  OK  [0m] Started Uncomplicated firewall.
[[0;32m  OK  [0m] Mounted Huge Pages File System.
[[0;32m  OK  [0m] Started Create list of required sta…vice nodes for the current kernel.
[[0;32m  OK  [0m] Started File System Check Daemon to report status.
         Starting Create Static Device Nodes in /dev...
[    9.449026] Loading iSCSI transport class v2.0-870.
[[0;32m  OK  [0m] Started Journal Service.
[    9.456266] iscsi: registered transport (tcp)
[[0;32m  OK  [0m] Started Set the console keyboard layout.
[[0;32m  OK  [0m] Started udev Coldplug all Devices.
[[0;32m  OK  [0m] Started LVM2 metadata daemon.
[[0;32m  OK  [0m] Started File System Check on Root Device.
         Starting Remount Root and Kernel File Systems...
[[0;32m  OK  [0m] Started Create Static Device Nodes in /dev.
[    9.527936] iscsi: registered transport (iser)
[[0;32m  OK  [0m] Started Load Kernel Modules.
         Mounting Kernel Configuration File System...
         Starting Apply Kernel Variables...
         Mounting FUSE Control File System...
[[0;32m  OK  [0m] Mounted Kernel Configuration File System.
[[0;32m  OK  [0m] Mounted FUSE Control File System.
[[0;32m  OK  [0m] Started Remount Root and Kernel File Systems.
         Starting Flush Journal to Persistent Storage...
         Starting udev Kernel Device Manager...
         Starting Load/Save Random Seed...
[[0;32m  OK  [0m] Started Apply Kernel Variables.
[[0;32m  OK  [0m] Started Monitoring of LVM2 mirrors,…sing dmeventd or progress polling.
[[0;32m  OK  [0m] Reached target Local File Systems (Pre).
[[0;32m  OK  [0m] Reached target Local File Systems.
         Starting Tell Plymouth To Write Out Runtime Data...
         Starting AppArmor initialization...
         Starting Set console font and keymap...
         Starting ebtables ruleset management...
         Starting Commit a transient machine-id on disk...
[[0;32m  OK  [0m] Started Load/Save Random Seed.
[[0;32m  OK  [0m] Started udev Kernel Device Manager.
[[0;32m  OK  [0m] Started Dispatch Password Requests to Console Directory Watch.
[[0;32m  OK  [0m] Reached target Local Encrypted Volumes.
[[0;32m  OK  [0m] Started Tell Plymouth To Write Out Runtime Data.
[[0;32m  OK  [0m] Started Set console font and keymap.
[[0;32m  OK  [0m] Started Flush Journal to Persistent Storage.
         Starting Create Volatile Files and Directories...
[[0;32m  OK  [0m] Started Create Volatile Files and Directories.
         Starting Update UTMP about System Boot/Shutdown...
[[0;32m  OK  [0m] Started Commit a transient machine-id on disk.
[[0;32m  OK  [0m] Started Update UTMP about System Boot/Shutdown.
[[0;32m  OK  [0m] Started ebtables ruleset management.
[[0;32m  OK  [0m] Found device /dev/ttyS0.
[[0;32m  OK  [0m] Listening on Load/Save RF Kill Switch Status /dev/rfkill Watch.
[[0;32m  OK  [0m] Started AppArmor initialization.
         Starting Initial cloud-init job (pre-networking)...
         Starting Load AppArmor profiles managed internally by snapd...
[[0;32m  OK  [0m] Started Load AppArmor profiles managed internally by snapd.
[   11.400307] cloud-init[588]: Cloud-init v. 22.1-14-g2e17a0d6-0ubuntu1~18.04.3 running 'init-local' at Fri, 08 Apr 2022 13:14:51 +0000. Up 11.09 seconds.
[[0;32m  OK  [0m] Started Initial cloud-init job (pre-networking).
[[0;32m  OK  [0m] Reached target Network (Pre).
         Starting Network Service...
[[0;32m  OK  [0m] Started Network Service.
         Starting Wait for Network to be Configured...
         Starting Network Name Resolution...
[[0;32m  OK  [0m] Started Network Name Resolution.
[[0;32m  OK  [0m] Reached target Network.
[[0;32m  OK  [0m] Reached target Host and Network Name Lookups.
[[0;32m  OK  [0m] Started Wait for Network to be Configured.
         Starting Initial cloud-init job (metadata service crawler)...
[   13.406201] cloud-init[720]: Cloud-init v. 22.1-14-g2e17a0d6-0ubuntu1~18.04.3 running 'init' at Fri, 08 Apr 2022 13:14:53 +0000. Up 13.21 seconds.
[   13.407730] cloud-init[720]: ci-info: ++++++++++++++++++++++++++++++++++++++Net device info+++++++++++++++++++++++++++++++++++++++
[   13.409212] cloud-init[720]: ci-info: +--------+-------+----------------------------+---------------+--------+-------------------+
[   13.412192] cloud-init[720]: ci-info: | Device |   Up  |          Address           |      Mask     | Scope  |     Hw-Address    |
[   13.413772] cloud-init[720]: ci-info: +--------+-------+----------------------------+---------------+--------+-------------------+
[   13.415846] cloud-init[720]: ci-info: | enp0s3 |  True |         10.0.2.15          | 255.255.255.0 | global | 02:27:94:89:a7:22 |
[   13.417630] cloud-init[720]: ci-info: | enp0s3 |  True | fe80::27:94ff:fe89:a722/64 |       .       |  link  | 02:27:94:89:a7:22 |
[   13.420441] cloud-init[720]: ci-info: | enp0s8 | False |             .              |       .       |   .    | 08:00:27:1d:41:c2 |
[   13.422350] cloud-init[720]: ci-info: |   lo   |  True |         127.0.0.1          |   255.0.0.0   |  host  |         .         |
[   13.432205] cloud-init[720]: ci-info: |   lo   |  True |          ::1/128           |       .       |  host  |         .         |
[   13.433532] cloud-init[720]: ci-info: +--------+-------+----------------------------+---------------+--------+-------------------+
[   13.434887] cloud-init[720]: ci-info: ++++++++++++++++++++++++++++Route IPv4 info+++++++++++++++++++++++++++++
[   13.448228] cloud-init[720]: ci-info: +-------+-------------+----------+-----------------+-----------+-------+
[   13.449333] cloud-init[720]: ci-info: | Route | Destination | Gateway  |     Genmask     | Interface | Flags |
[   13.450441] cloud-init[720]: ci-info: +-------+-------------+----------+-----------------+-----------+-------+
[   13.451679] cloud-init[720]: ci-info: |   0   |   0.0.0.0   | 10.0.2.2 |     0.0.0.0     |   enp0s3  |   UG  |
[   13.452920] cloud-init[720]: ci-info: |   1   |   10.0.2.0  | 0.0.0.0  |  255.255.255.0  |   enp0s3  |   U   |
[   13.453966] cloud-init[720]: ci-info: |   2   |   10.0.2.2  | 0.0.0.0  | 255.255.255.255 |   enp0s3  |   UH  |
[   13.454987] cloud-init[720]: ci-info: +-------+-------------+----------+-----------------+-----------+-------+
[   13.456004] cloud-init[720]: ci-info: +++++++++++++++++++Route IPv6 info+++++++++++++++++++
[   13.456962] cloud-init[720]: ci-info: +-------+-------------+---------+-----------+-------+
[   13.457874] cloud-init[720]: ci-info: | Route | Destination | Gateway | Interface | Flags |
[   13.459029] cloud-init[720]: ci-info: +-------+-------------+---------+-----------+-------+
[   13.460118] cloud-init[720]: ci-info: |   1   |  fe80::/64  |    ::   |   enp0s3  |   U   |
[   13.472290] cloud-init[720]: ci-info: |   3   |    local    |    ::   |   enp0s3  |   U   |
[   13.473226] cloud-init[720]: ci-info: |   4   |   ff00::/8  |    ::   |   enp0s3  |   U   |
[   13.474178] cloud-init[720]: ci-info: +-------+-------------+---------+-----------+-------+
[   13.988828] cloud-init[720]: Generating public/private rsa key pair.
[   13.989802] cloud-init[720]: Your identification has been saved in /etc/ssh/ssh_host_rsa_key.
[   13.990697] cloud-init[720]: Your public key has been saved in /etc/ssh/ssh_host_rsa_key.pub.
[   13.991904] cloud-init[720]: The key fingerprint is:
[   13.992657] cloud-init[720]: SHA256:f+DuPxzBCXuvhHiGJfVermdpNaZI9w+8n43A4GMm0YU root@ubuntu-bionic
[   13.993914] cloud-init[720]: The key's randomart image is:
[   13.994798] cloud-init[720]: +---[RSA 2048]----+
[   13.995563] cloud-init[720]: |                 |
[   13.996439] cloud-init[720]: |          o.     |
[   13.997229] cloud-init[720]: |         .E=..   |
[   13.997936] cloud-init[720]: |        ..o.* .  |
[   13.998712] cloud-init[720]: |        S=++ =   |
[   13.999481] cloud-init[720]: |        o=+=+ooo.|
[   14.000328] cloud-init[720]: |        .oOo*+*o.|
[   14.001091] cloud-init[720]: |         = +=o==o|
[   14.002021] cloud-init[720]: |         .o..=oo=|
[   14.003007] cloud-init[720]: +----[SHA256]-----+
[   14.003741] cloud-init[720]: Generating public/private dsa key pair.
[   14.004723] cloud-init[720]: Your identification has been saved in /etc/ssh/ssh_host_dsa_key.
[   14.005676] cloud-init[720]: Your public key has been saved in /etc/ssh/ssh_host_dsa_key.pub.
[   14.006879] cloud-init[720]: The key fingerprint is:
[   14.007599] cloud-init[720]: SHA256:i3I+7hzKT3q9k+9k+ZEdDlbYegCalhmgGgndhx543qA root@ubuntu-bionic
[   14.008870] cloud-init[720]: The key's randomart image is:
[   14.009803] cloud-init[720]: +---[DSA 1024]----+
[   14.010651] cloud-init[720]: |.. o .... .      |
[   14.011369] cloud-init[720]: | .o.*..  * . o   |
[   14.012249] cloud-init[720]: |  o=.=  *   o o  |
[   14.013141] cloud-init[720]: |  Eoo ..     +   |
[   14.013972] cloud-init[720]: |  .     S   + o  |
[   14.014782] cloud-init[720]: |       . . o * . |
[   14.015512] cloud-init[720]: |    . =...+ o o  |
[   14.016378] cloud-init[720]: |   . Oo.+o . .   |
[   14.017218] cloud-init[720]: |    +=*..=o .    |
[   14.018063] cloud-init[720]: +----[SHA256]-----+
[   14.018902] cloud-init[720]: Generating public/private ecdsa key pair.
[   14.019921] cloud-init[720]: Your identification has been saved in /etc/ssh/ssh_host_ecdsa_key.
[   14.021227] cloud-init[720]: Your public key has been saved in /etc/ssh/ssh_host_ecdsa_key.pub.
[   14.022565] cloud-init[720]: The key fingerprint is:
[   14.023412] cloud-init[720]: SHA256:GmwxHlIZOKvbFVPvj5Gwak6rWPwhB4fn7T7fICDesHo root@ubuntu-bionic
[   14.024532] cloud-init[720]: The key's randomart image is:
[   14.025433] cloud-init[720]: +---[ECDSA 256]---+
[   14.026300] cloud-init[720]: |     .oo         |
[   14.027468] cloud-init[720]: |    o.. .        |
[   14.028896] cloud-init[720]: |    .o+. .       |
[   14.030251] cloud-init[720]: |    .=o+. .      |
[   14.031109] cloud-init[720]: |   .= OoS+ .     |
[   14.031780] cloud-init[720]: |  .o @.=. +      |
[   14.032427] cloud-init[720]: |   o*.B.o .+     |
[   14.033074] cloud-init[720]: |  .+E=o+...o.    |
[   14.033672] cloud-init[720]: |  o..++.oo. .    |
[   14.034316] cloud-init[720]: +----[SHA256]-----+
[   14.034970] cloud-init[720]: Generating public/private ed25519 key pair.
[   14.035774] cloud-init[720]: Your identification has been saved in /etc/ssh/ssh_host_ed25519_key.
[   14.036830] cloud-init[720]: Your public key has been saved in /etc/ssh/ssh_host_ed25519_key.pub.
[   14.038014] cloud-init[720]: The key fingerprint is:
[   14.048217] cloud-init[720]: SHA256:KY0G6JL03PsWjpXvwKeW+bgABMZOBSRPKHvDYY8t0mg root@ubuntu-bionic
[   14.049350] cloud-init[720]: The key's randomart image is:
[   14.050103] cloud-init[720]: +--[ED25519 256]--+
[   14.050956] cloud-init[720]: |+*+.             |[
[0;32m  OK  [0m[   14.052572] cloud-init[720]: |==+.             |
[   14.052714] cloud-init[720]: |+Bo*.            |
[   14.052973] cloud-init[720]: |=E@ +. o .       |
[   14.053408] cloud-init[720]: |+o.* .+ S        |
] Started Initial cloud-init job (metadata service crawler).
[   14.053516] cloud-init[720]: | .  ..o=         |
[   14.053980] cloud-init[720]: |     o+o=.       |
[[0;32m  OK  [0m] Reached target Cloud-config availability.
[   14.068291] cloud-init[720]: |     .o*=.       |
[[0;32m  OK  [0m[   14.084876] cloud-init[720]: |      o=+o       |
[   14.085101] cloud-init[720]: +----[SHA256]-----+
] Reached target System Initialization.
[[0;32m  OK  [0m] Listening on Open-iSCSI iscsid Socket.
[[0;32m  OK  [0m] Started Daily apt download activities.
[[0;32m  OK  [0m] Started Ubuntu Advantage Timer for running repeated jobs.
         Starting Socket activation for snappy daemon.
[[0;32m  OK  [0m] Started ACPI Events Check.
[[0;32m  OK  [0m] Started Trigger to poll for Ubuntu …(Only enabled on GCP LTS non-pro).
[[0;32m  OK  [0m] Started Message of the Day.
[[0;32m  OK  [0m] Reached target Paths.
         Starting LXD - unix socket.
[[0;32m  OK  [0m] Started Daily apt upgrade and clean activities.
[[0;32m  OK  [0m] Listening on D-Bus System Message Bus Socket.
[[0;32m  OK  [0m] Listening on ACPID Listen Socket.
[[0;32m  OK  [0m] Started Daily Cleanup of Temporary Directories.
[[0;32m  OK  [0m] Listening on cloud-init hotplug hook socket.
[[0;32m  OK  [0m] Started Discard unused blocks once a week.
[[0;32m  OK  [0m] Reached target Timers.
[[0;32m  OK  [0m] Listening on UUID daemon activation socket.
[[0;32m  OK  [0m] Reached target Network is Online.
         Starting Availability of block devices...
[[0;32m  OK  [0m] Reached target Remote File Systems (Pre).
[[0;32m  OK  [0m] Reached target Remote File Systems.
[[0;32m  OK  [0m] Listening on Socket activation for snappy daemon.
[[0;32m  OK  [0m] Listening on LXD - unix socket.
[[0;32m  OK  [0m] Reached target Sockets.
[[0;32m  OK  [0m] Reached target Basic System.
         Starting Accounts Service...
         Starting Permit User Sessions...
         Starting LSB: Record successful boot for GRUB...
[[0;32m  OK  [0m] Started Deferred execution scheduler.
[[0;32m  OK  [0m] Started FUSE filesystem for LXC.
         Starting LXD - container startup/shutdown...
[[0;32m  OK  [0m] Started D-Bus System Message Bus.
[[0;32m  OK  [0m] Started Regular background program processing daemon.
         Starting LSB: automatic crash report generation...
         Starting System Logging Service...
         Starting Login Service...
         Starting Snap Daemon...
         Starting Virtualbox guest utils...
         Starting Pollinate to seed the pseudo random number generator...
[[0;32m  OK  [0m] Started irqbalance daemon.
         Starting Dispatcher daemon for systemd-networkd...
[[0;32m  OK  [0m] Started System Logging Service.
[[0;32m  OK  [0m] Started Availability of block devices.
[[0;32m  OK  [0m] Started Permit User Sessions.
[[0;32m  OK  [0m] Started LXD - container startup/shutdown.
[[0;32m  OK  [0m] Started Login Service.
[[0;32m  OK  [0m] Started Unattended Upgrades Shutdown.
         Starting Authorization Manager...
         Starting Hold until boot process finishes up...
         Starting Terminate Plymouth Boot Screen...
[[0;32m  OK  [0m] Started Hold until boot process finishes up.
[[0;32m  OK  [0m] Started Serial Getty on ttyS0.
         Starting Set console scheme...
[[0;32m  OK  [0m] Started Terminate Plymouth Boot Screen.
[[0;32m  OK  [0m] Started Set console scheme.
[[0;32m  OK  [0m] Created slice system-getty.slice.
[[0;32m  OK  [0m] Started Getty on tty1.
[[0;32m  OK  [0m] Reached target Login Prompts.
[[0;32m  OK  [0m] Started LSB: automatic crash report generation.
[[0;32m  OK  [0m] Started Authorization Manager.
[[0;32m  OK  [0m] Started Accounts Service.
[[0;32m  OK  [0m] Started Virtualbox guest utils.
[[0;32m  OK  [0m] Started LSB: Record successful boot for GRUB.
[[0;32m  OK  [0m] Started Dispatcher daemon for systemd-networkd.
[[0;32m  OK  [0m] Started Snap Daemon.
         Starting Wait until snapd is fully seeded...
         Starting Time & Date Service...
[[0;32m  OK  [0m] Started Time & Date Service.
[[0;32m  OK  [0m] Started Pollinate to seed the pseudo random number generator.
         Starting OpenBSD Secure Shell server...
[[0;32m  OK  [0m] Started OpenBSD Secure Shell server.
[[0;32m  OK  [0m] Created slice User Slice of vagrant.
         Starting User Manager for UID 1000...
[[0;32m  OK  [0m] Started Wait until snapd is fully seeded.
[[0;32m  OK  [0m] Started Session 1 of user vagrant.
         Starting Apply the settings specified in cloud-config...
[[0;32m  OK  [0m] Reached target Multi-User System.
[[0;32m  OK  [0m] Reached target Graphical Interface.
         Starting Update UTMP about System Runlevel Changes...
[[0;32m  OK  [0m] Started Update UTMP about System Runlevel Changes.
[[0;32m  OK  [0m] Started User Manager for UID 1000.
[   18.064991] cloud-init[1290]: Cloud-init v. 22.1-14-g2e17a0d6-0ubuntu1~18.04.3 running 'modules:config' at Fri, 08 Apr 2022 13:14:57 +0000. Up 17.63 seconds.
[[0;32m  OK  [0m] Started Apply the settings specified in cloud-config.
         Starting Execute cloud user/final scripts...
ci-info: no authorized SSH keys fingerprints found for user ubuntu.
<14>Apr  8 13:14:58 cloud-init: #############################################################
<14>Apr  8 13:14:58 cloud-init: -----BEGIN SSH HOST KEY FINGERPRINTS-----
<14>Apr  8 13:14:58 cloud-init: 1024 SHA256:i3I+7hzKT3q9k+9k+ZEdDlbYegCalhmgGgndhx543qA root@ubuntu-bionic (DSA)
<14>Apr  8 13:14:58 cloud-init: 256 SHA256:GmwxHlIZOKvbFVPvj5Gwak6rWPwhB4fn7T7fICDesHo root@ubuntu-bionic (ECDSA)
<14>Apr  8 13:14:58 cloud-init: 256 SHA256:KY0G6JL03PsWjpXvwKeW+bgABMZOBSRPKHvDYY8t0mg root@ubuntu-bionic (ED25519)
<14>Apr  8 13:14:58 cloud-init: 2048 SHA256:f+DuPxzBCXuvhHiGJfVermdpNaZI9w+8n43A4GMm0YU root@ubuntu-bionic (RSA)
<14>Apr  8 13:14:58 cloud-init: -----END SSH HOST KEY FINGERPRINTS-----
<14>Apr  8 13:14:58 cloud-init: #############################################################
-----BEGIN SSH HOST KEY KEYS-----
ecdsa-sha2-nistp256 AAAAE2VjZHNhLXNoYTItbmlzdHAyNTYAAAAIbmlzdHAyNTYAAABBBLV2AQLopPHOHrR9GVnYwY+tESmiHYvzaVUP123L2nDPCVHddwc9x4GuBKyWhN3MdXTEagIzYbFGkY+sX86jjWU= root@ubuntu-bionic
ssh-ed25519 AAAAC3NzaC1lZDI1NTE5AAAAIDtlc70nNWZK87DOXqrEyaSBZ5HgPH1ZHktH+uQIL0kq root@ubuntu-bionic
ssh-rsa AAAAB3NzaC1yc2EAAAADAQABAAABAQCy/v+3h7+Xzl4RdLUx0ok5aeW5tnu7v5tr9mGTeWx+9Lz4zcoqYngNj/1xLMWMp7JEvUYBbtzJT/833MF27iHtoocsbOWUM8pA8BqAwQrg9Tpl56d16JH9lJQZSEw6v4ST8+ixTfh0aL6dLV2adjBe11aPvPEmXuTQNHKNg4AXQprXCXNXk6Jg13F/JN4ISgVyi/m46983GcGuG3oojjGpipQBNV2tOf4uMjjlGoLrY1n0CPyE34TJODYRYy1C1xqBzvzvCTTquKnKs76tFLuoSWdH/Ns+FcrCMh9zzSQQB80uCRszhhomLL9gNBzwQnX7LXKaeT1XGtH7RR712iFx root@ubuntu-bionic
-----END SSH HOST KEY KEYS-----
[   18.741098] cloud-init[1386]: Cloud-init v. 22.1-14-g2e17a0d6-0ubuntu1~18.04.3 running 'modules:final' at Fri, 08 Apr 2022 13:14:58 +0000. Up 18.55 seconds.
[   18.742634] cloud-init[1386]: Cloud-init v. 22.1-14-g2e17a0d6-0ubuntu1~18.04.3 finished at Fri, 08 Apr 2022 13:14:58 +0000. Datasource DataSourceNoCloud [seed=/dev/sdb][dsmode=net].  Up 18.73 seconds
[[0;32m  OK  [0m] Started Execute cloud user/final scripts.
[[0;32m  OK  [0m] Reached target Cloud-init target.

Ubuntu 18.04.6 LTS ubuntu-bionic ttyS0

ubuntu-bionic login: 